d:\fakeos\fakeos-master\fakeos\fakeos\x64\debug\vc142.pdb
d:\fakeos\fakeos-master\fakeos\fakeos\x64\debug\vc142.idb
d:\fakeos\fakeos-master\fakeos\fakeos\x64\debug\segmentedmemorymanager.obj
d:\fakeos\fakeos-master\fakeos\fakeos\x64\debug\processscheduler.obj
d:\fakeos\fakeos-master\fakeos\fakeos\x64\debug\pagedmemorymanager.obj
d:\fakeos\fakeos-master\fakeos\fakeos\x64\debug\memorymanager.obj
d:\fakeos\fakeos-master\fakeos\fakeos\x64\debug\main.obj
d:\fakeos\fakeos-master\fakeos\fakeos\x64\debug\kernel.obj
d:\fakeos\fakeos-master\fakeos\fakeos\x64\debug\filesystem.obj
d:\fakeos\fakeos-master\fakeos\fakeos\x64\debug\cpucore.obj
d:\fakeos\fakeos-master\fakeos\fakeos\x64\debug\schedulequeue.obj
d:\fakeos\fakeos-master\fakeos\fakeos\x64\debug\fakeos.ilk
d:\fakeos\fakeos-master\fakeos\fakeos\x64\debug\fakeos.pdb
d:\fakeos\fakeos-master\fakeos\x64\debug\fakeos.pdb
d:\fakeos\fakeos-master\fakeos\fakeos\x64\debug\fakeos.tlog\cl.command.1.tlog
d:\fakeos\fakeos-master\fakeos\fakeos\x64\debug\fakeos.tlog\cl.read.1.tlog
d:\fakeos\fakeos-master\fakeos\fakeos\x64\debug\fakeos.tlog\cl.write.1.tlog
d:\fakeos\fakeos-master\fakeos\fakeos\x64\debug\fakeos.tlog\link.command.1.tlog
d:\fakeos\fakeos-master\fakeos\fakeos\x64\debug\fakeos.tlog\link.read.1.tlog
d:\fakeos\fakeos-master\fakeos\fakeos\x64\debug\fakeos.tlog\link.write.1.tlog
