  CPUCore.cpp
C:\Users\yourt\source\repos\FakeOS\FakeOS\FakeOS\CPUCore.cpp(23,29): warning C4267:  '=': conversion from 'size_t' to 'int', possible loss of data
C:\Users\yourt\source\repos\FakeOS\FakeOS\FakeOS\CPUCore.cpp(78,77): warning C4267:  'initializing': conversion from 'size_t' to 'int', possible loss of data
C:\Users\yourt\source\repos\FakeOS\FakeOS\FakeOS\CPUCore.cpp(188,57): warning C4267:  'initializing': conversion from 'size_t' to 'int', possible loss of data
C:\Users\yourt\source\repos\FakeOS\FakeOS\FakeOS\CPUCore.cpp(203,54): warning C4267:  '=': conversion from 'size_t' to 'int', possible loss of data
C:\Users\yourt\source\repos\FakeOS\FakeOS\FakeOS\CPUCore.cpp(208,54): warning C4267:  '=': conversion from 'size_t' to 'int', possible loss of data
C:\Users\yourt\source\repos\FakeOS\FakeOS\FakeOS\CPUCore.cpp(257,54): warning C4267:  '=': conversion from 'size_t' to 'int', possible loss of data
C:\Users\yourt\source\repos\FakeOS\FakeOS\FakeOS\CPUCore.cpp(276,54): warning C4267:  '=': conversion from 'size_t' to 'int', possible loss of data
C:\Users\yourt\source\repos\FakeOS\FakeOS\FakeOS\CPUCore.cpp(287,14): warning C4834:  discarding return value of function with 'nodiscard' attribute
C:\Users\yourt\source\repos\FakeOS\FakeOS\FakeOS\CPUCore.cpp(298,14): warning C4834:  discarding return value of function with 'nodiscard' attribute
  FileSystem.cpp
C:\Users\yourt\source\repos\FakeOS\FakeOS\FakeOS\CPUCore.cpp(307,14): warning C4834:  discarding return value of function with 'nodiscard' attribute
C:\Users\yourt\source\repos\FakeOS\FakeOS\FakeOS\CPUCore.cpp(307,14): warning C4834: C:\Users\yourt\source\repos\FakeOS\FakeOS\FakeOS\FileSystem.cpp: warning C4819: The file contains a character that cannot be represented in the current code page (936). Save the file in Unicode format to prevent data loss
  Kernel.cpp
  Main.cpp
C:\Users\yourt\source\repos\FakeOS\FakeOS\FakeOS\FileSystem.cpp(124,44): warning C4267:  'initializing': conversion from 'size_t' to 'int', possible loss of data
C:\Users\yourt\source\repos\FakeOS\FakeOS\FakeOS\Main.cpp(21,29): warning C4267:  '=': conversion from 'size_t' to 'int', possible loss of data
C:\Users\yourt\source\repos\FakeOS\FakeOS\FakeOS\Main.cpp(58,58): warning C4267:  'initializing': conversion from 'size_t' to 'int', possible loss of data
C:\Users\yourt\source\repos\FakeOS\FakeOS\FakeOS\Main.cpp(85,55): warning C4267:  '=': conversion from 'size_t' to 'int', possible loss of data
C:\Users\yourt\source\repos\FakeOS\FakeOS\FakeOS\Main.cpp(112,55): warning C4267:  '=': conversion from 'size_t' to 'int', possible loss of data
C:\Users\yourt\source\repos\FakeOS\FakeOS\FakeOS\Main.cpp(123,15): warning C4834:  discarding return value of function with 'nodiscard' attribute
C:\Users\yourt\source\repos\FakeOS\FakeOS\FakeOS\Main.cpp(134,15): warning C4834:  discarding return value of function with 'nodiscard' attribute
C:\Users\yourt\source\repos\FakeOS\FakeOS\FakeOS\Main.cpp(144,15): warning C4834:  discarding return value of function with 'nodiscard' attribute
C:\Users\yourt\source\repos\FakeOS\FakeOS\FakeOS\Main.cpp(166,9): error C3861:  'KEY_DOWN': identifier not found
C:\Users\yourt\source\repos\FakeOS\FakeOS\FakeOS\Main.cpp(166,27): error C3861:  'KEY_DOWN': identifier not found
  MemoryManager.cpp
  PagedMemoryManager.cpp
  ProcessScheduler.cpp
  ScheduleQueue.cpp
C:\Users\yourt\source\repos\FakeOS\FakeOS\FakeOS\Main.cpp(167,5): error C3861:  'Sleep': identifier not found
C:\Users\yourt\source\repos\FakeOS\FakeOS\FakeOS\ScheduleQueue.cpp(642,38): warning C4267:  'initializing': conversion from 'size_t' to 'uint16_t', possible loss of data
  SegmentedMemoryManager.cpp
C:\Users\yourt\source\repos\FakeOS\FakeOS\FakeOS\ScheduleQueue.cpp(648,10): warning C4477:  'printf' : format string '%s' requires an argument of type 'char *', but variadic argument 1 has type 'std::string'
C:\Users\yourt\source\repos\FakeOS\FakeOS\FakeOS\SegmentedMemoryManager.cpp(38,70): warning C4267:  'initializing': conversion from 'size_t' to 'int', possible loss of data
C:\Users\yourt\source\repos\FakeOS\FakeOS\FakeOS\SegmentedMemoryManager.cpp(40,59): warning C4267:  'initializing': conversion from 'size_t' to 'int', possible loss of data
  Generating Code...
C:\Users\yourt\source\repos\FakeOS\FakeOS\FakeOS\SegmentedMemoryManager.cpp(106,96): warning C4267:  'initializing': conversion from 'size_t' to 'int', possible loss of data
C:\Users\yourt\source\repos\FakeOS\FakeOS\FakeOS\SegmentedMemoryManager.cpp(106,96): warning C4267: C:\Users\yourt\source\repos\FakeOS\FakeOS\FakeOS\FileSystem.cpp(234) : warning C4715: 'FileSystem::list': not all control paths return a value
C:\Users\yourt\source\repos\FakeOS\FakeOS\FakeOS\SegmentedMemoryManager.cpp(106,96): warning C4267: C:\Users\yourt\source\repos\FakeOS\FakeOS\FakeOS\FileSystem.cpp(475) : warning C4715: 'FileSystem::nowpath': not all control paths return a value
